<?xml version="1.0" encoding="UTF-8"?>
<!-- Generated by org.testng.reporters.JUnitReportReporter -->
<testsuite hostname="DESKTOP-1I2RTCU" failures="0" tests="1" name="runner.Test1" time="12.546" errors="0" timestamp="2020-12-28T16:55:38 IST" skipped="0">
  <testcase classname="runner.Test1" name="feature" time="12.546"/>
  <system-out/>
</testsuite> <!-- runner.Test1 -->
