<?xml version="1.0" encoding="UTF-8"?>
<!-- Generated by org.testng.reporters.JUnitReportReporter -->
<testsuite hostname="DESKTOP-1I2RTCU" failures="0" tests="1" name="runner.Test_dataTable" time="0.324" errors="0" timestamp="2021-01-08T12:47:25 IST" skipped="0">
  <testcase classname="runner.Test_dataTable" name="feature" time="0.324"/>
  <system-out/>
</testsuite> <!-- runner.Test_dataTable -->
