<?xml version="1.0" encoding="UTF-8"?>
<!-- Generated by org.testng.reporters.JUnitReportReporter -->
<testsuite hostname="DESKTOP-1I2RTCU" failures="0" tests="1" name="runner.Test_background" time="0.309" errors="0" timestamp="2021-01-06T16:56:31 IST" skipped="0">
  <testcase classname="runner.Test_background" name="feature" time="0.309"/>
  <system-out/>
</testsuite> <!-- runner.Test_background -->
