<?xml version="1.0" encoding="UTF-8"?>
<!-- Generated by org.testng.reporters.JUnitReportReporter -->
<testsuite hostname="DESKTOP-1I2RTCU" failures="0" tests="1" name="runner.Test" time="0.303" errors="0" timestamp="2021-01-30T11:18:20 IST" skipped="0">
  <testcase classname="runner.Test" name="feature" time="0.303"/>
  <system-out/>
</testsuite> <!-- runner.Test -->
